<?xml version="1.0" encoding="UTF-8"?>
<!-- Generated by org.testng.reporters.JUnitReportReporter -->
<testsuite hostname="DESKTOP-K5QR6PC" failures="0" tests="6" name="API.test.DataDrivenTests" time="12.278" errors="0" timestamp="2024-07-23T11:21:56 IST" skipped="0">
  <testcase classname="API.test.DataDrivenTests" name="testPostUser" time="5.368"/>
  <system-out/>
  <testcase classname="API.test.DataDrivenTests" name="testPostUser" time="1.304"/>
  <system-out/>
  <testcase classname="API.test.DataDrivenTests" name="getUserByName" time="1.368"/>
  <system-out/>
  <testcase classname="API.test.DataDrivenTests" name="getUserByName" time="1.528"/>
  <system-out/>
  <testcase classname="API.test.DataDrivenTests" name="deleteUserByName" time="1.362"/>
  <system-out/>
  <testcase classname="API.test.DataDrivenTests" name="deleteUserByName" time="1.348"/>
  <system-out/>
</testsuite> <!-- API.test.DataDrivenTests -->
