<?xml version="1.0" encoding="UTF-8"?>
<!-- Generated by org.testng.reporters.JUnitReportReporter -->
<testsuite hostname="DESKTOP-K5QR6PC" failures="0" tests="1" name="API.test.DemoTest" time="1.106" errors="0" timestamp="2024-07-25T22:27:09 IST" skipped="0">
  <testcase classname="API.test.DemoTest" name="fetchXlData" time="1.106"/>
  <system-out/>
</testsuite> <!-- API.test.DemoTest -->
