<?xml version="1.0" encoding="UTF-8"?>
<!-- Generated by org.testng.reporters.JUnitReportReporter -->
<testsuite hostname="DESKTOP-K5QR6PC" failures="0" tests="4" name="API.test.UserTests" time="22.549" errors="0" timestamp="2024-08-01T21:58:19 IST" skipped="0">
  <testcase classname="API.test.UserTests" name="testPostUser" time="7.751"/>
  <system-out/>
  <testcase classname="API.test.UserTests" name="testGetUser" time="4.243"/>
  <system-out/>
  <testcase classname="API.test.UserTests" name="updateUser" time="7.943"/>
  <system-out/>
  <testcase classname="API.test.UserTests" name="deleteUser" time="2.612"/>
  <system-out/>
</testsuite> <!-- API.test.UserTests -->
