<?xml version="1.0" encoding="UTF-8"?>
<!-- Generated by org.testng.reporters.JUnitReportReporter -->
<testsuite hostname="DESKTOP-K5QR6PC" failures="0" tests="1" name="API.test.DemoExTest" time="1.810" errors="0" timestamp="2024-07-22T22:49:56 IST" skipped="0">
  <testcase classname="API.test.DemoExTest" name="tc" time="1.810"/>
  <system-out/>
</testsuite> <!-- API.test.DemoExTest -->
