<?xml version="1.0" encoding="UTF-8"?>
<!-- Generated by org.testng.reporters.JUnitReportReporter -->
<testsuite hostname="DESKTOP-K5QR6PC" failures="0" tests="4" name="API.test.UserTests" time="8.608" errors="0" timestamp="2024-07-28T21:49:40 IST" skipped="0">
  <testcase classname="API.test.UserTests" name="testPostUser" time="4.770"/>
  <system-out/>
  <testcase classname="API.test.UserTests" name="testGetUser" time="1.306"/>
  <system-out/>
  <testcase classname="API.test.UserTests" name="updateUser" time="1.277"/>
  <system-out/>
  <testcase classname="API.test.UserTests" name="deleteUser" time="1.255"/>
  <system-out/>
</testsuite> <!-- API.test.UserTests -->
