<?xml version="1.0" encoding="UTF-8"?>
<!-- Generated by org.testng.reporters.JUnitReportReporter -->
<testsuite hostname="DESKTOP-K5QR6PC" failures="0" tests="4" name="API.test.UserTests" time="16.710" errors="0" timestamp="2024-07-28T21:56:48 IST" skipped="0">
  <testcase classname="API.test.UserTests" name="testPostUser" time="5.072"/>
  <system-out/>
  <testcase classname="API.test.UserTests" name="testGetUser" time="1.550"/>
  <system-out/>
  <testcase classname="API.test.UserTests" name="updateUser" time="8.419"/>
  <system-out/>
  <testcase classname="API.test.UserTests" name="deleteUser" time="1.669"/>
  <system-out/>
</testsuite> <!-- API.test.UserTests -->
