<?xml version="1.0" encoding="UTF-8"?>
<!-- Generated by org.testng.reporters.JUnitReportReporter -->
<testsuite hostname="DESKTOP-K5QR6PC" failures="0" tests="4" name="API.test.UserTests" time="11.072" errors="0" timestamp="2024-07-27T11:05:01 IST" skipped="0">
  <testcase classname="API.test.UserTests" name="testPostUser" time="6.804"/>
  <system-out/>
  <testcase classname="API.test.UserTests" name="testGetUser" time="1.414"/>
  <system-out/>
  <testcase classname="API.test.UserTests" name="updateUser" time="1.482"/>
  <system-out/>
  <testcase classname="API.test.UserTests" name="deleteUser" time="1.372"/>
  <system-out/>
</testsuite> <!-- API.test.UserTests -->
