<?xml version="1.0" encoding="UTF-8"?>
<!-- Generated by org.testng.reporters.JUnitReportReporter -->
<testsuite hostname="DESKTOP-K5QR6PC" failures="0" tests="4" name="API.test.UserTests" time="9.944" errors="0" timestamp="2024-08-01T23:29:07 IST" skipped="0">
  <testcase classname="API.test.UserTests" name="testPostUser" time="5.613"/>
  <system-out/>
  <testcase classname="API.test.UserTests" name="testGetUser" time="1.527"/>
  <system-out/>
  <testcase classname="API.test.UserTests" name="updateUser" time="1.386"/>
  <system-out/>
  <testcase classname="API.test.UserTests" name="deleteUser" time="1.418"/>
  <system-out/>
</testsuite> <!-- API.test.UserTests -->
