<?xml version="1.0" encoding="UTF-8"?>
<!-- Generated by org.testng.reporters.JUnitReportReporter -->
<testsuite hostname="DESKTOP-K5QR6PC" failures="0" tests="4" name="API.test.UserTests" time="14.114" errors="0" timestamp="2024-08-01T22:00:00 IST" skipped="0">
  <testcase classname="API.test.UserTests" name="testPostUser" time="8.517"/>
  <system-out/>
  <testcase classname="API.test.UserTests" name="testGetUser" time="1.924"/>
  <system-out/>
  <testcase classname="API.test.UserTests" name="updateUser" time="1.582"/>
  <system-out/>
  <testcase classname="API.test.UserTests" name="deleteUser" time="2.091"/>
  <system-out/>
</testsuite> <!-- API.test.UserTests -->
