<?xml version="1.0" encoding="UTF-8"?>
<!-- Generated by org.testng.reporters.JUnitReportReporter -->
<testsuite hostname="DESKTOP-K5QR6PC" failures="0" tests="1" name="API.test.DemoTest" time="0.016" errors="0" timestamp="2024-07-27T11:33:40 IST" skipped="0">
  <testcase classname="API.test.DemoTest" name="fetchXlData" time="0.016"/>
  <system-out/>
</testsuite> <!-- API.test.DemoTest -->
