<?xml version="1.0" encoding="UTF-8"?>
<!-- Generated by org.testng.reporters.JUnitReportReporter -->
<testsuite hostname="DESKTOP-K5QR6PC" failures="0" tests="6" name="API.test.DataDrivenTests" time="19.377" errors="0" timestamp="2024-07-27T11:44:18 IST" skipped="0">
  <testcase classname="API.test.DataDrivenTests" name="testPostUser" time="1.515"/>
  <system-out/>
  <testcase classname="API.test.DataDrivenTests" name="testPostUser" time="11.810"/>
  <system-out/>
  <testcase classname="API.test.DataDrivenTests" name="getUserByName" time="1.660"/>
  <system-out/>
  <testcase classname="API.test.DataDrivenTests" name="getUserByName" time="1.452"/>
  <system-out/>
  <testcase classname="API.test.DataDrivenTests" name="deleteUserByName" time="1.461"/>
  <system-out/>
  <testcase classname="API.test.DataDrivenTests" name="deleteUserByName" time="1.479"/>
  <system-out/>
</testsuite> <!-- API.test.DataDrivenTests -->
