<?xml version="1.0" encoding="UTF-8"?>
<!-- Generated by org.testng.reporters.JUnitReportReporter -->
<testsuite hostname="DESKTOP-K5QR6PC" failures="0" tests="4" name="API.test.UserTests" time="10.957" errors="0" timestamp="2024-07-27T11:46:18 IST" skipped="0">
  <testcase classname="API.test.UserTests" name="testPostUser" time="7.078"/>
  <system-out/>
  <testcase classname="API.test.UserTests" name="testGetUser" time="1.337"/>
  <system-out/>
  <testcase classname="API.test.UserTests" name="updateUser" time="1.290"/>
  <system-out/>
  <testcase classname="API.test.UserTests" name="deleteUser" time="1.252"/>
  <system-out/>
</testsuite> <!-- API.test.UserTests -->
